==========================================================================
==========================================================================
ERROR LOGs...
2021-Feb-10 18:5:15

ERROR LOG: Unable to open file: Bin/scenes/scene_list.txt
ERROR LOG: Unable to open file: Bin/scenes/scene_list.txt
==========================================================================
==========================================================================
ERROR LOGs...
2021-Feb-10 18:14:41

==========================================================================
==========================================================================
ERROR LOGs...
2021-Feb-11 11:2:45

==========================================================================
==========================================================================
ERROR LOGs...
2021-Feb-11 11:18:15

==========================================================================
==========================================================================
ERROR LOGs...
2021-Feb-11 15:43:7

==========================================================================
==========================================================================
ERROR LOGs...
2021-Feb-11 15:44:20

==========================================================================
==========================================================================
ERROR LOGs...
2021-Feb-11 15:45:2

==========================================================================
==========================================================================
ERROR LOGs...
2021-Feb-11 15:45:27

==========================================================================
==========================================================================
ERROR LOGs...
2021-Feb-11 15:58:3

==========================================================================
==========================================================================
ERROR LOGs...
2021-Mar-09 10:19:17

==========================================================================
==========================================================================
ERROR LOGs...
2021-Mar-27 16:17:11

==========================================================================
==========================================================================
ERROR LOGs...
2021-Apr-28 7:46:23

==========================================================================
==========================================================================
ERROR LOGs...
2021-Apr-28 7:53:19

==========================================================================
==========================================================================
ERROR LOGs...
2021-Apr-29 7:45:7

==========================================================================
==========================================================================
ERROR LOGs...
2021-Apr-29 7:55:44

==========================================================================
==========================================================================
ERROR LOGs...
2021-Apr-29 9:9:55

==========================================================================
==========================================================================
ERROR LOGs...
2021-Apr-29 10:26:54

==========================================================================
==========================================================================
ERROR LOGs...
2021-Apr-29 10:29:44

==========================================================================
==========================================================================
ERROR LOGs...
2021-Apr-29 10:31:12

==========================================================================
==========================================================================
ERROR LOGs...
2021-Apr-29 10:36:16

==========================================================================
==========================================================================
ERROR LOGs...
2021-Apr-29 10:40:40

==========================================================================
==========================================================================
ERROR LOGs...
2021-Apr-29 10:42:55

==========================================================================
==========================================================================
ERROR LOGs...
2021-Apr-29 13:9:42

==========================================================================
==========================================================================
ERROR LOGs...
2021-Apr-29 13:9:55

==========================================================================
==========================================================================
ERROR LOGs...
2021-Apr-29 13:10:13

==========================================================================
==========================================================================
ERROR LOGs...
2021-Apr-29 13:11:6

==========================================================================
==========================================================================
ERROR LOGs...
2021-Apr-29 13:12:20

==========================================================================
==========================================================================
ERROR LOGs...
2021-Apr-29 13:12:43

==========================================================================
==========================================================================
ERROR LOGs...
2021-Apr-29 13:13:7

==========================================================================
==========================================================================
ERROR LOGs...
2021-Apr-29 13:25:52

==========================================================================
==========================================================================
ERROR LOGs...
2021-Apr-29 13:30:1

==========================================================================
==========================================================================
ERROR LOGs...
2021-Apr-29 13:30:24

==========================================================================
==========================================================================
ERROR LOGs...
2021-Apr-29 13:30:44

==========================================================================
==========================================================================
ERROR LOGs...
2021-May-04 7:32:38

==========================================================================
==========================================================================
ERROR LOGs...
2021-Jun-20 0:22:15

